Using pre-set license
Built from '2020.3/support/zd130524' branch; Version is '2020.3.36f1 (71f96b79b9f0) revision 7469419'; Using compiler version '192528614'; Build Type 'Release'
OS: 'Windows 11  (10.0.22621) 64bit CoreSingleLanguage' Language: 'en' Physical Memory: 15808 MB
BatchMode: 1, IsHumanControllingUs: 0, StartBugReporterOnCrash: 0, Is64bit: 1, IsPro: 0

COMMAND LINE ARGUMENTS:
C:\Program Files\Unity\Hub\Editor\2020.3.36f1\Editor\Unity.exe
-adb2
-batchMode
-noUpm
-name
AssetImportWorker0
-projectPath
D:/Study/Git/Tetris 2D
-logFile
Logs/AssetImportWorker0.log
-srvPort
54958
Successfully changed project path to: D:/Study/Git/Tetris 2D
D:/Study/Git/Tetris 2D
Using Asset Import Pipeline V2.
Refreshing native plugins compatible for Editor in 68.92 ms, found 3 plugins.
Preloading 0 native plugins for Editor in 0.00 ms.
Initialize engine version: 2020.3.36f1 (71f96b79b9f0)
[Subsystems] Discovering subsystems at path C:/Program Files/Unity/Hub/Editor/2020.3.36f1/Editor/Data/Resources/UnitySubsystems
[Subsystems] Discovering subsystems at path D:/Study/Git/Tetris 2D/Assets
GfxDevice: creating device client; threaded=0
Direct3D:
    Version:  Direct3D 11.0 [level 11.1]
    Renderer: NVIDIA GeForce GTX 1650 (ID=0x1f91)
    Vendor:   
    VRAM:     3949 MB
    Driver:   31.0.15.2756
Initialize mono
Mono path[0] = 'C:/Program Files/Unity/Hub/Editor/2020.3.36f1/Editor/Data/Managed'
Mono path[1] = 'C:/Program Files/Unity/Hub/Editor/2020.3.36f1/Editor/Data/MonoBleedingEdge/lib/mono/unityjit'
Mono config path = 'C:/Program Files/Unity/Hub/Editor/2020.3.36f1/Editor/Data/MonoBleedingEdge/etc'
Using monoOptions --debugger-agent=transport=dt_socket,embedding=1,server=y,suspend=n,address=127.0.0.1:56792
Begin MonoManager ReloadAssembly
Registering precompiled unity dll's ...
Register platform support module: C:/Program Files/Unity/Hub/Editor/2020.3.36f1/Editor/Data/PlaybackEngines/WindowsStandaloneSupport/UnityEditor.WindowsStandalone.Extensions.dll
Registered in 0.002300 seconds.
Native extension for WindowsStandalone target not found
Refreshing native plugins compatible for Editor in 52.81 ms, found 3 plugins.
Preloading 0 native plugins for Editor in 0.00 ms.
Mono: successfully reloaded assembly
- Completed reload, in  0.709 seconds
Domain Reload Profiling:
	ReloadAssembly (709ms)
		BeginReloadAssembly (88ms)
			ExecutionOrderSort (0ms)
			DisableScriptedObjects (0ms)
			BackupInstance (0ms)
			ReleaseScriptingObjects (0ms)
			CreateAndSetChildDomain (1ms)
		EndReloadAssembly (535ms)
			LoadAssemblies (84ms)
			RebuildTransferFunctionScriptingTraits (0ms)
			SetupTypeCache (164ms)
			ReleaseScriptCaches (0ms)
			RebuildScriptCaches (38ms)
			SetupLoadedEditorAssemblies (209ms)
				LogAssemblyErrors (0ms)
				InitializePlatformSupportModulesInManaged (6ms)
				SetLoadedEditorAssemblies (0ms)
				RefreshPlugins (53ms)
				BeforeProcessingInitializeOnLoad (10ms)
				ProcessInitializeOnLoadAttributes (103ms)
				ProcessInitializeOnLoadMethodAttributes (37ms)
				AfterProcessingInitializeOnLoad (0ms)
				EditorAssembliesLoaded (0ms)
			ExecutionOrderSort2 (0ms)
			AwakeInstancesAfterBackupRestoration (0ms)
Platform modules already initialized, skipping
Registering precompiled user dll's ...
Registered in 0.003577 seconds.
Begin MonoManager ReloadAssembly
Native extension for WindowsStandalone target not found
Refreshing native plugins compatible for Editor in 54.97 ms, found 3 plugins.
Preloading 0 native plugins for Editor in 0.00 ms.
Mono: successfully reloaded assembly
- Completed reload, in  1.444 seconds
Domain Reload Profiling:
	ReloadAssembly (1445ms)
		BeginReloadAssembly (186ms)
			ExecutionOrderSort (0ms)
			DisableScriptedObjects (6ms)
			BackupInstance (0ms)
			ReleaseScriptingObjects (0ms)
			CreateAndSetChildDomain (23ms)
		EndReloadAssembly (1184ms)
			LoadAssemblies (124ms)
			RebuildTransferFunctionScriptingTraits (0ms)
			SetupTypeCache (335ms)
			ReleaseScriptCaches (1ms)
			RebuildScriptCaches (55ms)
			SetupLoadedEditorAssemblies (521ms)
				LogAssemblyErrors (0ms)
				InitializePlatformSupportModulesInManaged (5ms)
				SetLoadedEditorAssemblies (0ms)
				RefreshPlugins (55ms)
				BeforeProcessingInitializeOnLoad (89ms)
				ProcessInitializeOnLoadAttributes (317ms)
				ProcessInitializeOnLoadMethodAttributes (42ms)
				AfterProcessingInitializeOnLoad (13ms)
				EditorAssembliesLoaded (0ms)
			ExecutionOrderSort2 (0ms)
			AwakeInstancesAfterBackupRestoration (3ms)
Platform modules already initialized, skipping
========================================================================
Worker process is ready to serve import requests
Launched and connected shader compiler UnityShaderCompiler.exe after 0.06 seconds
Refreshing native plugins compatible for Editor in 0.84 ms, found 3 plugins.
Preloading 0 native plugins for Editor in 0.00 ms.
Unloading 2205 Unused Serialized files (Serialized files now loaded: 0)
System memory in use before: 97.0 MB.
System memory in use after: 97.1 MB.

Unloading 25 unused Assets to reduce memory usage. Loaded Objects now: 2642.
Total: 4.205200 ms (FindLiveObjects: 0.263400 ms CreateObjectMapping: 0.057800 ms MarkObjects: 3.785000 ms  DeleteObjects: 0.097300 ms)

AssetImportParameters requested are different than current active one (requested -> active):
  custom:framework-win-MediaFoundation: 216162199b28c13a410421893ffa2e32 -> 
  custom:video-decoder-ogg-theora: a1e56fd34408186e4bbccfd4996cb3dc -> 
  custom:container-muxer-webm: aa71ff27fc2769a1b78a27578f13a17b -> 
  custom:container-demuxer-webm: 4f35f7cbe854078d1ac9338744f61a02 -> 
  custom:container-demuxer-ogg: 62fdf1f143b41e24485cea50d1cbac27 -> 
  custom:video-encoder-webm-vp8: eb34c28f22e8b96e1ab97ce403110664 -> 
  custom:video-codec-MediaFoundation-h265: 746d11721c4dcdbdad8f713fa42b33f4 -> 
  custom:video-decoder-webm-vp8: 9c59270c3fd7afecdb556c50c9e8de78 -> 
  custom:audio-decoder-ogg-vorbis: bf7c407c2cedff20999df2af8eb42d56 -> 
  custom:audio-encoder-webm-vorbis: bf7c407c2cedff20999df2af8eb42d56 -> 
========================================================================
Received Import Request.
  path: Assets
  artifactKey: Guid(00000000000000001000000000000000) Importer(815301076,1909f56bfc062723c751e8b465ee728b)
Start importing Assets using Guid(00000000000000001000000000000000) Importer(815301076,1909f56bfc062723c751e8b465ee728b)  -> (artifact id: '42d402b061de3733987d63b9cc3b64de') in 0.017817 seconds 
========================================================================
Received Import Request.
  Time since last request: 10.271964 seconds.
  path: Assets/Sprites
  artifactKey: Guid(b3f8cf16c7bee3c44a5dd025c4f8d6f0) Importer(815301076,1909f56bfc062723c751e8b465ee728b)
Start importing Assets/Sprites using Guid(b3f8cf16c7bee3c44a5dd025c4f8d6f0) Importer(815301076,1909f56bfc062723c751e8b465ee728b)  -> (artifact id: '29760ffb2ed2bc7a6c63f1747b13afc4') in 0.011166 seconds 
========================================================================
Received Import Request.
  Time since last request: 17.273412 seconds.
  path: Assets/Sprites/Blue.png
  artifactKey: Guid(3f82b3ad9020ed3448c74b89545d893c) Importer(815301076,1909f56bfc062723c751e8b465ee728b)
Start importing Assets/Sprites/Blue.png using Guid(3f82b3ad9020ed3448c74b89545d893c) Importer(815301076,1909f56bfc062723c751e8b465ee728b)  -> (artifact id: 'fc63773a8b3a63f0316eb38b915def44') in 0.169678 seconds 
========================================================================
Received Import Request.
  Time since last request: 0.000307 seconds.
  path: Assets/Sprites/Grid.png
  artifactKey: Guid(6ff6b85966aeb3f4ab304af07f4dd424) Importer(815301076,1909f56bfc062723c751e8b465ee728b)
Start importing Assets/Sprites/Grid.png using Guid(6ff6b85966aeb3f4ab304af07f4dd424) Importer(815301076,1909f56bfc062723c751e8b465ee728b)  -> (artifact id: 'c75552987df01159565dab88859eb42a') in 0.019124 seconds 
========================================================================
Received Import Request.
  Time since last request: 0.000270 seconds.
  path: Assets/Sprites/Border.png
  artifactKey: Guid(dcd88b8f2120d9c4f8d1d9826b673819) Importer(815301076,1909f56bfc062723c751e8b465ee728b)
Start importing Assets/Sprites/Border.png using Guid(dcd88b8f2120d9c4f8d1d9826b673819) Importer(815301076,1909f56bfc062723c751e8b465ee728b)  -> (artifact id: '31c1f3c184a6de2969478c8d0dd4102a') in 0.065443 seconds 
========================================================================
Received Import Request.
  Time since last request: 0.000328 seconds.
  path: Assets/Sprites/Yellow.png
  artifactKey: Guid(019e0880cb7a5b04e9397e93cddcc382) Importer(815301076,1909f56bfc062723c751e8b465ee728b)
Start importing Assets/Sprites/Yellow.png using Guid(019e0880cb7a5b04e9397e93cddcc382) Importer(815301076,1909f56bfc062723c751e8b465ee728b)  -> (artifact id: '7cf013e1e402396b73cb70392d43ed8f') in 0.021233 seconds 
========================================================================
Received Import Request.
  Time since last request: 0.000277 seconds.
  path: Assets/Sprites/Green.png
  artifactKey: Guid(3e2fc5b3b3411a94d990b263cc821a0a) Importer(815301076,1909f56bfc062723c751e8b465ee728b)
Start importing Assets/Sprites/Green.png using Guid(3e2fc5b3b3411a94d990b263cc821a0a) Importer(815301076,1909f56bfc062723c751e8b465ee728b)  -> (artifact id: '07c781ea4e9e0d7debf8066e6cded41c') in 0.021801 seconds 
========================================================================
Received Import Request.
  Time since last request: 0.000275 seconds.
  path: Assets/Sprites/Purple.png
  artifactKey: Guid(51a1485338acae84585e3ea525804668) Importer(815301076,1909f56bfc062723c751e8b465ee728b)
Start importing Assets/Sprites/Purple.png using Guid(51a1485338acae84585e3ea525804668) Importer(815301076,1909f56bfc062723c751e8b465ee728b)  -> (artifact id: 'bed16bb00bc77dfe9a7f0625427b7ca3') in 0.022645 seconds 
========================================================================
Received Import Request.
  Time since last request: 0.000397 seconds.
  path: Assets/Sprites/Orange.png
  artifactKey: Guid(35a3a47936e735945aca498f718eaef4) Importer(815301076,1909f56bfc062723c751e8b465ee728b)
Start importing Assets/Sprites/Orange.png using Guid(35a3a47936e735945aca498f718eaef4) Importer(815301076,1909f56bfc062723c751e8b465ee728b)  -> (artifact id: 'dbebde339cd81e8c2552d469f595154d') in 0.020637 seconds 
========================================================================
Received Import Request.
  Time since last request: 0.000302 seconds.
  path: Assets/Sprites/Ghost.png
  artifactKey: Guid(de0f4de3209ba2c42874afb3c5329c15) Importer(815301076,1909f56bfc062723c751e8b465ee728b)
Start importing Assets/Sprites/Ghost.png using Guid(de0f4de3209ba2c42874afb3c5329c15) Importer(815301076,1909f56bfc062723c751e8b465ee728b)  -> (artifact id: '586a40bbcb07d2fdf2ed1a57dd133d29') in 0.019006 seconds 
========================================================================
Received Import Request.
  Time since last request: 0.000362 seconds.
  path: Assets/Sprites/Cyan.png
  artifactKey: Guid(774fa586ba243f54f92bce708ecb917b) Importer(815301076,1909f56bfc062723c751e8b465ee728b)
Start importing Assets/Sprites/Cyan.png using Guid(774fa586ba243f54f92bce708ecb917b) Importer(815301076,1909f56bfc062723c751e8b465ee728b)  -> (artifact id: '76507ab8add1eb9969bd5e68070fc37e') in 0.023963 seconds 
========================================================================
Received Import Request.
  Time since last request: 0.000244 seconds.
  path: Assets/Sprites/Red.png
  artifactKey: Guid(b109e0a46ebdde140abbe8ffe76f424c) Importer(815301076,1909f56bfc062723c751e8b465ee728b)
Start importing Assets/Sprites/Red.png using Guid(b109e0a46ebdde140abbe8ffe76f424c) Importer(815301076,1909f56bfc062723c751e8b465ee728b)  -> (artifact id: '9c36a6bf94d8dd498f954ed78cb3ed02') in 0.021758 seconds 
========================================================================
Received Prepare
Registering precompiled user dll's ...
Registered in 0.005417 seconds.
Begin MonoManager ReloadAssembly
Native extension for WindowsStandalone target not found
Refreshing native plugins compatible for Editor in 0.53 ms, found 3 plugins.
Preloading 0 native plugins for Editor in 0.00 ms.
Mono: successfully reloaded assembly
- Completed reload, in  1.183 seconds
Domain Reload Profiling:
	ReloadAssembly (1184ms)
		BeginReloadAssembly (141ms)
			ExecutionOrderSort (0ms)
			DisableScriptedObjects (7ms)
			BackupInstance (0ms)
			ReleaseScriptingObjects (0ms)
			CreateAndSetChildDomain (44ms)
		EndReloadAssembly (968ms)
			LoadAssemblies (118ms)
			RebuildTransferFunctionScriptingTraits (0ms)
			SetupTypeCache (327ms)
			ReleaseScriptCaches (1ms)
			RebuildScriptCaches (51ms)
			SetupLoadedEditorAssemblies (371ms)
				LogAssemblyErrors (0ms)
				InitializePlatformSupportModulesInManaged (5ms)
				SetLoadedEditorAssemblies (1ms)
				RefreshPlugins (1ms)
				BeforeProcessingInitializeOnLoad (79ms)
				ProcessInitializeOnLoadAttributes (253ms)
				ProcessInitializeOnLoadMethodAttributes (23ms)
				AfterProcessingInitializeOnLoad (8ms)
				EditorAssembliesLoaded (0ms)
			ExecutionOrderSort2 (0ms)
			AwakeInstancesAfterBackupRestoration (5ms)
Platform modules already initialized, skipping
Refreshing native plugins compatible for Editor in 0.60 ms, found 3 plugins.
Preloading 0 native plugins for Editor in 0.00 ms.
Unloading 2194 Unused Serialized files (Serialized files now loaded: 0)
System memory in use before: 99.3 MB.
System memory in use after: 99.5 MB.

Unloading 14 unused Assets to reduce memory usage. Loaded Objects now: 2653.
Total: 4.035900 ms (FindLiveObjects: 0.224500 ms CreateObjectMapping: 0.072700 ms MarkObjects: 3.708600 ms  DeleteObjects: 0.028500 ms)

AssetImportParameters requested are different than current active one (requested -> active):
  custom:framework-win-MediaFoundation: 216162199b28c13a410421893ffa2e32 -> 
  custom:video-decoder-ogg-theora: a1e56fd34408186e4bbccfd4996cb3dc -> 
  custom:container-muxer-webm: aa71ff27fc2769a1b78a27578f13a17b -> 
  custom:container-demuxer-webm: 4f35f7cbe854078d1ac9338744f61a02 -> 
  custom:container-demuxer-ogg: 62fdf1f143b41e24485cea50d1cbac27 -> 
  custom:video-encoder-webm-vp8: eb34c28f22e8b96e1ab97ce403110664 -> 
  custom:video-codec-MediaFoundation-h265: 746d11721c4dcdbdad8f713fa42b33f4 -> 
  custom:video-decoder-webm-vp8: 9c59270c3fd7afecdb556c50c9e8de78 -> 
  custom:audio-decoder-ogg-vorbis: bf7c407c2cedff20999df2af8eb42d56 -> 
  custom:audio-encoder-webm-vorbis: bf7c407c2cedff20999df2af8eb42d56 -> 
========================================================================
Received Import Request.
  Time since last request: 525.638366 seconds.
  path: Assets/Sprites/Grid.png
  artifactKey: Guid(6ff6b85966aeb3f4ab304af07f4dd424) Importer(815301076,1909f56bfc062723c751e8b465ee728b)
Start importing Assets/Sprites/Grid.png using Guid(6ff6b85966aeb3f4ab304af07f4dd424) Importer(815301076,1909f56bfc062723c751e8b465ee728b)  -> (artifact id: '5dfcec5e00656d9a510e59e0d757b9bf') in 0.060257 seconds 
========================================================================
Received Import Request.
  Time since last request: 7.514566 seconds.
  path: Assets/Sprites/Grid.png
  artifactKey: Guid(6ff6b85966aeb3f4ab304af07f4dd424) Importer(815301076,1909f56bfc062723c751e8b465ee728b)
Start importing Assets/Sprites/Grid.png using Guid(6ff6b85966aeb3f4ab304af07f4dd424) Importer(815301076,1909f56bfc062723c751e8b465ee728b)  -> (artifact id: 'e7db98422ccc3f3c668235a5c98c27b1') in 0.012144 seconds 
========================================================================
Received Import Request.
  Time since last request: 611.723164 seconds.
  path: Assets/Scripts
  artifactKey: Guid(8091d90d33b10eb46b789f696387a7c3) Importer(815301076,1909f56bfc062723c751e8b465ee728b)
Start importing Assets/Scripts using Guid(8091d90d33b10eb46b789f696387a7c3) Importer(815301076,1909f56bfc062723c751e8b465ee728b)  -> (artifact id: 'f450a0b865e2d343a4ea6738e5fc5b76') in 0.009541 seconds 
========================================================================
Received Import Request.
  Time since last request: 10.762650 seconds.
  path: Assets/Scripts/Tetromino.cs
  artifactKey: Guid(e27c6eb3a82c64b4bacf85d137c0ae5b) Importer(815301076,1909f56bfc062723c751e8b465ee728b)
Start importing Assets/Scripts/Tetromino.cs using Guid(e27c6eb3a82c64b4bacf85d137c0ae5b) Importer(815301076,1909f56bfc062723c751e8b465ee728b)  -> (artifact id: 'a9ca085dc759994a921b23e8e0bd377b') in 0.028478 seconds 
========================================================================
Received Prepare
Registering precompiled user dll's ...
Registered in 0.004240 seconds.
Begin MonoManager ReloadAssembly
Native extension for WindowsStandalone target not found
Refreshing native plugins compatible for Editor in 0.79 ms, found 3 plugins.
Preloading 0 native plugins for Editor in 0.00 ms.
Mono: successfully reloaded assembly
- Completed reload, in  1.388 seconds
Domain Reload Profiling:
	ReloadAssembly (1389ms)
		BeginReloadAssembly (160ms)
			ExecutionOrderSort (0ms)
			DisableScriptedObjects (8ms)
			BackupInstance (0ms)
			ReleaseScriptingObjects (0ms)
			CreateAndSetChildDomain (55ms)
		EndReloadAssembly (1137ms)
			LoadAssemblies (146ms)
			RebuildTransferFunctionScriptingTraits (0ms)
			SetupTypeCache (365ms)
			ReleaseScriptCaches (1ms)
			RebuildScriptCaches (64ms)
			SetupLoadedEditorAssemblies (435ms)
				LogAssemblyErrors (0ms)
				InitializePlatformSupportModulesInManaged (6ms)
				SetLoadedEditorAssemblies (1ms)
				RefreshPlugins (1ms)
				BeforeProcessingInitializeOnLoad (100ms)
				ProcessInitializeOnLoadAttributes (298ms)
				ProcessInitializeOnLoadMethodAttributes (21ms)
				AfterProcessingInitializeOnLoad (9ms)
				EditorAssembliesLoaded (0ms)
			ExecutionOrderSort2 (0ms)
			AwakeInstancesAfterBackupRestoration (5ms)
Platform modules already initialized, skipping
Refreshing native plugins compatible for Editor in 0.57 ms, found 3 plugins.
Preloading 0 native plugins for Editor in 0.00 ms.
Unloading 2195 Unused Serialized files (Serialized files now loaded: 0)
System memory in use before: 99.4 MB.
System memory in use after: 99.5 MB.

Unloading 14 unused Assets to reduce memory usage. Loaded Objects now: 2658.
Total: 5.780900 ms (FindLiveObjects: 0.270300 ms CreateObjectMapping: 0.089300 ms MarkObjects: 5.381700 ms  DeleteObjects: 0.038100 ms)

AssetImportParameters requested are different than current active one (requested -> active):
  custom:framework-win-MediaFoundation: 216162199b28c13a410421893ffa2e32 -> 
  custom:video-decoder-ogg-theora: a1e56fd34408186e4bbccfd4996cb3dc -> 
  custom:container-muxer-webm: aa71ff27fc2769a1b78a27578f13a17b -> 
  custom:container-demuxer-webm: 4f35f7cbe854078d1ac9338744f61a02 -> 
  custom:container-demuxer-ogg: 62fdf1f143b41e24485cea50d1cbac27 -> 
  custom:video-encoder-webm-vp8: eb34c28f22e8b96e1ab97ce403110664 -> 
  custom:video-codec-MediaFoundation-h265: 746d11721c4dcdbdad8f713fa42b33f4 -> 
  custom:video-decoder-webm-vp8: 9c59270c3fd7afecdb556c50c9e8de78 -> 
  custom:audio-decoder-ogg-vorbis: bf7c407c2cedff20999df2af8eb42d56 -> 
  custom:audio-encoder-webm-vorbis: bf7c407c2cedff20999df2af8eb42d56 -> 
========================================================================
Received Import Request.
  Time since last request: 605.527159 seconds.
  path: Assets/Scripts/Tetromino.cs
  artifactKey: Guid(e27c6eb3a82c64b4bacf85d137c0ae5b) Importer(815301076,1909f56bfc062723c751e8b465ee728b)
Start importing Assets/Scripts/Tetromino.cs using Guid(e27c6eb3a82c64b4bacf85d137c0ae5b) Importer(815301076,1909f56bfc062723c751e8b465ee728b)  -> (artifact id: 'b512142b81f859dd5edb1f42f1a8f414') in 0.010439 seconds 
========================================================================
Received Import Request.
  Time since last request: 192.865253 seconds.
  path: Assets/Scripts/PiecesMap.cs
  artifactKey: Guid(9a84064266df9ed48802ebf83081c6b1) Importer(815301076,1909f56bfc062723c751e8b465ee728b)
Start importing Assets/Scripts/PiecesMap.cs using Guid(9a84064266df9ed48802ebf83081c6b1) Importer(815301076,1909f56bfc062723c751e8b465ee728b)  -> (artifact id: '43f643199a61d0880fe89897cfde3e29') in 0.015922 seconds 
========================================================================
Received Import Request.
  Time since last request: 8.627555 seconds.
  path: Assets/Scripts/Data.cs
  artifactKey: Guid(732f5d7db18088f45aecf948930b7e4b) Importer(815301076,1909f56bfc062723c751e8b465ee728b)
Start importing Assets/Scripts/Data.cs using Guid(732f5d7db18088f45aecf948930b7e4b) Importer(815301076,1909f56bfc062723c751e8b465ee728b)  -> (artifact id: 'd816d5ed28701785b2191666d9a638cf') in 0.015496 seconds 
========================================================================
Received Import Request.
  Time since last request: 470.806879 seconds.
  path: Assets/Scripts/PiecesMap.cs
  artifactKey: Guid(9a84064266df9ed48802ebf83081c6b1) Importer(815301076,1909f56bfc062723c751e8b465ee728b)
Start importing Assets/Scripts/PiecesMap.cs using Guid(9a84064266df9ed48802ebf83081c6b1) Importer(815301076,1909f56bfc062723c751e8b465ee728b)  -> (artifact id: '608966c7b44448ef971029bcce355ce5') in 0.004811 seconds 
========================================================================
Received Import Request.
  Time since last request: 123.698055 seconds.
  path: Assets/Scripts/Pieces Map.cs
  artifactKey: Guid(9a84064266df9ed48802ebf83081c6b1) Importer(815301076,1909f56bfc062723c751e8b465ee728b)
Start importing Assets/Scripts/Pieces Map.cs using Guid(9a84064266df9ed48802ebf83081c6b1) Importer(815301076,1909f56bfc062723c751e8b465ee728b)  -> (artifact id: '4aaeef5738834b7796ee44f1bb15495d') in 0.012466 seconds 
========================================================================
Received Import Request.
  Time since last request: 90.790033 seconds.
  path: Assets/Scripts/PiecesMap.cs
  artifactKey: Guid(c9d562eeea92946438004b638962e98e) Importer(815301076,1909f56bfc062723c751e8b465ee728b)
Start importing Assets/Scripts/PiecesMap.cs using Guid(c9d562eeea92946438004b638962e98e) Importer(815301076,1909f56bfc062723c751e8b465ee728b)  -> (artifact id: '79264a6c6d98bd2f5702c401126422e5') in 0.003037 seconds 
========================================================================
Received Import Request.
  Time since last request: 8.925554 seconds.
  path: Assets/Scripts/Piecesmap.cs
  artifactKey: Guid(c9d562eeea92946438004b638962e98e) Importer(815301076,1909f56bfc062723c751e8b465ee728b)
Start importing Assets/Scripts/Piecesmap.cs using Guid(c9d562eeea92946438004b638962e98e) Importer(815301076,1909f56bfc062723c751e8b465ee728b)  -> (artifact id: '3e11974624fb743ee7a88eb835f2069d') in 0.010981 seconds 
========================================================================
Received Import Request.
  Time since last request: 10.503780 seconds.
  path: Assets/Scripts/Pieces_Map.cs
  artifactKey: Guid(c9d562eeea92946438004b638962e98e) Importer(815301076,1909f56bfc062723c751e8b465ee728b)
Start importing Assets/Scripts/Pieces_Map.cs using Guid(c9d562eeea92946438004b638962e98e) Importer(815301076,1909f56bfc062723c751e8b465ee728b)  -> (artifact id: '1be8aa1a6a10f35102b437019e1643f4') in 0.011433 seconds 
========================================================================
Received Import Request.
  Time since last request: 58.110647 seconds.
  path: Assets/Scripts/Pieces_Map.cs
  artifactKey: Guid(c9d562eeea92946438004b638962e98e) Importer(815301076,1909f56bfc062723c751e8b465ee728b)
Start importing Assets/Scripts/Pieces_Map.cs using Guid(c9d562eeea92946438004b638962e98e) Importer(815301076,1909f56bfc062723c751e8b465ee728b)  -> (artifact id: '04e493af8ebe61ba0f4a356a298a4fd5') in 0.004088 seconds 
========================================================================
Received Import Request.
  Time since last request: 207.680646 seconds.
  path: Assets/Pieces_Map.cs
  artifactKey: Guid(763716d0f59df0a4f8180ae289e7e761) Importer(815301076,1909f56bfc062723c751e8b465ee728b)
Start importing Assets/Pieces_Map.cs using Guid(763716d0f59df0a4f8180ae289e7e761) Importer(815301076,1909f56bfc062723c751e8b465ee728b)  -> (artifact id: '7852916d730f0c57f61c22d28fce3047') in 0.003589 seconds 
========================================================================
Received Import Request.
  Time since last request: 47.822838 seconds.
  path: Assets/Scenes
  artifactKey: Guid(131a6b21c8605f84396be9f6751fb6e3) Importer(815301076,1909f56bfc062723c751e8b465ee728b)
Start importing Assets/Scenes using Guid(131a6b21c8605f84396be9f6751fb6e3) Importer(815301076,1909f56bfc062723c751e8b465ee728b)  -> (artifact id: 'df75b7d1a31c5b4f73fd45661b403b04') in 0.011458 seconds 
========================================================================
Received Import Request.
  Time since last request: 353.318832 seconds.
  path: Assets/Pieces/Blue.asset
  artifactKey: Guid(6a5fa767bc1c6b045a627a4a3304fac1) Importer(815301076,1909f56bfc062723c751e8b465ee728b)
Start importing Assets/Pieces/Blue.asset using Guid(6a5fa767bc1c6b045a627a4a3304fac1) Importer(815301076,1909f56bfc062723c751e8b465ee728b)  -> (artifact id: '845326a9c45edc5fa26be8d545cbec6a') in 0.076994 seconds 
========================================================================
Received Import Request.
  Time since last request: 0.000284 seconds.
  path: Assets/Pieces/Red.asset
  artifactKey: Guid(b1eeb3cbd40ac574da28a48504ace94a) Importer(815301076,1909f56bfc062723c751e8b465ee728b)
Start importing Assets/Pieces/Red.asset using Guid(b1eeb3cbd40ac574da28a48504ace94a) Importer(815301076,1909f56bfc062723c751e8b465ee728b)  -> (artifact id: '7a5eb08480f55c42fef83b917703fe0c') in 0.015799 seconds 
========================================================================
Received Import Request.
  Time since last request: 0.000362 seconds.
  path: Assets/Pieces/Pieces.prefab
  artifactKey: Guid(9337f341785b43f4fa5af8c078281bf9) Importer(815301076,1909f56bfc062723c751e8b465ee728b)
Start importing Assets/Pieces/Pieces.prefab using Guid(9337f341785b43f4fa5af8c078281bf9) Importer(815301076,1909f56bfc062723c751e8b465ee728b)  -> (artifact id: '9e6cdf8c25353504f211dce11021da0e') in 0.074139 seconds 
========================================================================
Received Import Request.
  Time since last request: 0.000376 seconds.
  path: Assets/Pieces/Ghost.asset
  artifactKey: Guid(ef9d9850c261eac4398c63481f2c554b) Importer(815301076,1909f56bfc062723c751e8b465ee728b)
Start importing Assets/Pieces/Ghost.asset using Guid(ef9d9850c261eac4398c63481f2c554b) Importer(815301076,1909f56bfc062723c751e8b465ee728b)  -> (artifact id: 'bfda4272874059d4d665f2f88c70a654') in 0.015877 seconds 
========================================================================
Received Import Request.
  Time since last request: 0.000344 seconds.
  path: Assets/Pieces/Yellow.asset
  artifactKey: Guid(e3758a04a2412dd4aa71e449c77468cc) Importer(815301076,1909f56bfc062723c751e8b465ee728b)
Start importing Assets/Pieces/Yellow.asset using Guid(e3758a04a2412dd4aa71e449c77468cc) Importer(815301076,1909f56bfc062723c751e8b465ee728b)  -> (artifact id: '7602b788afe40fa09639ce569bbce6eb') in 0.016322 seconds 
========================================================================
Received Import Request.
  Time since last request: 0.000220 seconds.
  path: Assets/Pieces/Purple.asset
  artifactKey: Guid(be1ca71bd5aadbe48b3ac3c14b6aebc4) Importer(815301076,1909f56bfc062723c751e8b465ee728b)
Start importing Assets/Pieces/Purple.asset using Guid(be1ca71bd5aadbe48b3ac3c14b6aebc4) Importer(815301076,1909f56bfc062723c751e8b465ee728b)  -> (artifact id: '8ccbe56431270dfa2ed5470d41a07db5') in 0.016068 seconds 
========================================================================
Received Import Request.
  Time since last request: 0.000313 seconds.
  path: Assets/Pieces/Cyan.asset
  artifactKey: Guid(a269b525e5000594785b045644244703) Importer(815301076,1909f56bfc062723c751e8b465ee728b)
Start importing Assets/Pieces/Cyan.asset using Guid(a269b525e5000594785b045644244703) Importer(815301076,1909f56bfc062723c751e8b465ee728b)  -> (artifact id: 'b5c4c1e4fd5498d43ea283d1efa0b349') in 0.014806 seconds 
========================================================================
Received Import Request.
  Time since last request: 0.000283 seconds.
  path: Assets/Pieces/Orange.asset
  artifactKey: Guid(4fbfd2f3f5c85364d95466b79a53085e) Importer(815301076,1909f56bfc062723c751e8b465ee728b)
Start importing Assets/Pieces/Orange.asset using Guid(4fbfd2f3f5c85364d95466b79a53085e) Importer(815301076,1909f56bfc062723c751e8b465ee728b)  -> (artifact id: 'd9e244cbe9f05565a9c1c89243e5b692') in 0.015495 seconds 
========================================================================
Received Import Request.
  Time since last request: 0.000246 seconds.
  path: Assets/Pieces/Green.asset
  artifactKey: Guid(2d7c99002c08bca479c33c6482c33a4a) Importer(815301076,1909f56bfc062723c751e8b465ee728b)
Start importing Assets/Pieces/Green.asset using Guid(2d7c99002c08bca479c33c6482c33a4a) Importer(815301076,1909f56bfc062723c751e8b465ee728b)  -> (artifact id: '273fb647980767ac8b2e366496a6c95e') in 0.018180 seconds 
AssetImportWorkerClient::OnTransportError - code=2 error=End of file
